D, [2010-08-03T11:17:25.097372 #5468] DEBUG -- :   [1m[36mSQL (0.3ms)[0m  [1m SELECT name
 FROM sqlite_master
 WHERE type = 'table' AND NOT name = 'sqlite_sequence'
[0m
D, [2010-08-03T11:17:25.097614 #5468] DEBUG -- :   [1m[35mSQL (0.1ms)[0m  select sqlite_version(*)
D, [2010-08-03T11:17:25.099557 #5468] DEBUG -- :   [1m[36mSQL (1.7ms)[0m  [1mCREATE TABLE "schema_migrations" ("version" varchar(255) NOT NULL) [0m
D, [2010-08-03T11:17:25.099704 #5468] DEBUG -- :   [1m[35mSQL (0.0ms)[0m  PRAGMA index_list("schema_migrations")
D, [2010-08-03T11:17:25.101503 #5468] DEBUG -- :   [1m[36mSQL (1.7ms)[0m  [1mCREATE UNIQUE INDEX "unique_schema_migrations" ON "schema_migrations" ("version")[0m
D, [2010-08-03T11:17:25.101691 #5468] DEBUG -- :   [1m[35mSQL (0.1ms)[0m   SELECT name
 FROM sqlite_master
 WHERE type = 'table' AND NOT name = 'sqlite_sequence'

D, [2010-08-03T11:18:24.658917 #5733] DEBUG -- :   [1m[36mSQL (0.8ms)[0m  [1m SELECT name
 FROM sqlite_master
 WHERE type = 'table' AND NOT name = 'sqlite_sequence'
[0m
D, [2010-08-03T11:19:32.203267 #5997] DEBUG -- :   [1m[36mSQL (0.4ms)[0m  [1m SELECT name
 FROM sqlite_master
 WHERE type = 'table' AND NOT name = 'sqlite_sequence'
[0m
D, [2010-08-03T11:21:50.864071 #6613] DEBUG -- :   [1m[36mSQL (0.4ms)[0m  [1m SELECT name
 FROM sqlite_master
 WHERE type = 'table' AND NOT name = 'sqlite_sequence'
[0m
D, [2010-08-03T11:21:50.866101 #6613] DEBUG -- :   [1m[35mSQL (0.1ms)[0m   SELECT name
 FROM sqlite_master
 WHERE type = 'table' AND NOT name = 'sqlite_sequence'

D, [2010-08-03T11:21:50.867280 #6613] DEBUG -- :   [1m[36mSQL (0.1ms)[0m  [1mSELECT "schema_migrations"."version" FROM "schema_migrations"[0m
I, [2010-08-03T11:21:50.867334 #6613]  INFO -- : Migrating to CreateUsers (20102507)
D, [2010-08-03T11:21:50.867474 #6613] DEBUG -- :   [1m[35mSQL (0.0ms)[0m  select sqlite_version(*)
D, [2010-08-03T11:21:50.870727 #6613] DEBUG -- :   [1m[36mSQL (0.5ms)[0m  [1mCREATE TABLE "users" ("id" INTEGER PRIMARY KEY AUTOINCREMENT NOT NULL, "name" varchar(255) NOT NULL) [0m
D, [2010-08-03T11:21:50.900844 #6613] DEBUG -- :   [1m[35mSQL (0.2ms)[0m  INSERT INTO "schema_migrations" ("version") VALUES ('20102507')
D, [2010-08-03T14:16:49.368569 #54191] DEBUG -- :   [1m[36mSQL (0.4ms)[0m  [1m SELECT name
 FROM sqlite_master
 WHERE type = 'table' AND NOT name = 'sqlite_sequence'
[0m
D, [2010-08-03T14:16:49.387225 #54191] DEBUG -- :   [1m[35mSQL (0.2ms)[0m   SELECT name
 FROM sqlite_master
 WHERE type = 'table' AND NOT name = 'sqlite_sequence'

D, [2010-08-03T14:16:49.388472 #54191] DEBUG -- :   [1m[36mSQL (0.1ms)[0m  [1mSELECT "schema_migrations"."version" FROM "schema_migrations"[0m
I, [2010-08-03T14:16:49.388536 #54191]  INFO -- : Migrating to CreateUsers (20102507)
I, [2010-08-03T14:16:49.388570 #54191]  INFO -- : Migrating to CreateRoles (201002508)
D, [2010-08-03T14:16:49.388708 #54191] DEBUG -- :   [1m[35mSQL (0.1ms)[0m  select sqlite_version(*)
D, [2010-08-03T14:16:49.406721 #54191] DEBUG -- :   [1m[36mSQL (0.4ms)[0m  [1mCREATE TABLE "roles" ("id" INTEGER PRIMARY KEY AUTOINCREMENT NOT NULL, "name" varchar(255) NOT NULL) [0m
D, [2010-08-03T14:16:49.427264 #54191] DEBUG -- :   [1m[35mSQL (13.7ms)[0m  INSERT INTO "schema_migrations" ("version") VALUES ('201002508')
